22:38:27 **** Clean-only build of project SFMtmp_bsp ****
make -k clean 
make -C ps7_cortexa9_0/libsrc/bram_v4_2/src -s clean 
make -C ps7_cortexa9_0/libsrc/coresightps_dcc_v1_4/src -s clean 
make -C ps7_cortexa9_0/libsrc/cpu_cortexa9_v2_5/src -s clean 
make -C ps7_cortexa9_0/libsrc/ddrps_v1_0/src -s clean 
make -C ps7_cortexa9_0/libsrc/devcfg_v3_5/src -s clean 
make -C ps7_cortexa9_0/libsrc/dmaps_v2_3/src -s clean 
make -C ps7_cortexa9_0/libsrc/PmodWIFI_v1_0/src -s clean 
rm: nie mo¿na wykonaæ lstat na `*.o': Invalid argument
make[1]: *** [clean] B³¹d 1
make: *** [ps7_cortexa9_0/libsrc/PmodWIFI_v1_0/src/make.clean] B³¹d 2
make -C ps7_cortexa9_0/libsrc/scugic_v3_8/src -s clean 
make -C ps7_cortexa9_0/libsrc/scutimer_v2_1/src -s clean 
make -C ps7_cortexa9_0/libsrc/scuwdt_v2_1/src -s clean 
make -C ps7_cortexa9_0/libsrc/standalone_v6_5/src -s clean 
make -C ps7_cortexa9_0/libsrc/uartps_v3_5/src -s clean 
make -C ps7_cortexa9_0/libsrc/xadcps_v2_2/src -s clean 
make: Obiekt `clean' nie zosta³ wykonany z powodu b³êdów.

22:38:30 Build Finished (took 2s.908ms)

